<?xml version="1.0" encoding="UTF-8"?>
<!-- Generated by org.testng.reporters.JUnitXMLReporter -->
<testsuite ignored="0" hostname="LAPTOP-EGHMMD86" failures="0" tests="5" name="SeleAutomationFramework" time="28.117" errors="0" timestamp="23 Jan 2023 19:20:11 GMT">
  <testcase classname="PageTestPackage.LoginPageDDT" name="loginddt" time="0.177"/>
  <testcase classname="PageTestPackage.LoginPageDDT" name="loginddt" time="0.186"/>
  <testcase classname="PageTestPackage.LoginPageDDT" name="loginddt" time="0.178"/>
  <testcase classname="PageTestPackage.LoginPageDDT" name="loginddt" time="0.165"/>
  <testcase classname="PageTestPackage.LoginPageDDT" name="loginddt" time="0.167"/>
</testsuite> <!-- SeleAutomationFramework -->
